<?xml version="1.0" encoding="UTF-8"?>
<!-- Generated by org.testng.reporters.JUnitReportReporter -->
<testsuite skipped="0" hostname="DESKTOP-08PQLRT" name="com.statwig.workspace.testrunner.HomePageTitleValidationTestRunner" tests="1" failures="0" timestamp="2022-06-08T05:39:45 IST" time="6.234" errors="0">
  <testcase name="verifyHomePage_Test_001" time="6.234" classname="com.statwig.workspace.testrunner.HomePageTitleValidationTestRunner"/>
  <system-out>
    <![CDATA[step 3 : Read expected title from properties file as :Vaccineledger
step 4 : Got actual title from web page as :Vaccineledger
step 5 : Validation completed]]>
  </system-out>
</testsuite> <!-- com.statwig.workspace.testrunner.HomePageTitleValidationTestRunner -->
