<?xml version="1.0" encoding="UTF-8"?>
<!-- Generated by org.testng.reporters.JUnitReportReporter -->
<testsuite skipped="0" hostname="DESKTOP-08PQLRT" name="com.statwig.workspace.testrunner.AddNewInventoryTestRunner" tests="1" failures="0" timestamp="2022-05-24T06:17:52 IST" time="9.763" errors="0">
  <testcase name="verifyHomePage_Test_001" time="9.763" classname="com.statwig.workspace.testrunner.AddNewInventoryTestRunner"/>
  <system-out>
    <![CDATA[step 3 : Read expected title from properties file as :Vaccineledger
step 4 : Got actual title from web page as :Vaccineledger
step 5 : Validation completed]]>
  </system-out>
</testsuite> <!-- com.statwig.workspace.testrunner.AddNewInventoryTestRunner -->
