<?xml version="1.0" encoding="UTF-8"?>
<!-- Generated by org.testng.reporters.JUnitReportReporter -->
<testsuite skipped="0" hostname="DESKTOP-08PQLRT" name="com.statwig.workspace.testrunner.AddNewProductTestRunner" tests="1" failures="0" timestamp="2022-06-12T15:37:05 IST" time="8.401" errors="0">
  <testcase name="verifyAddNewProduct_Test_001" time="8.401" classname="com.statwig.workspace.testrunner.AddNewProductTestRunner"/>
  <system-out>
    <![CDATA[clicked on login button
sunilkumarnk.1996@gmail.com is Entered
Clicked on Continue Button
1234 is Entered
Clicked on Verify Button
Clicked on Inventory Page
Clicked on View All
Clicked on Add New Product
Entered Test Dolo
Clicked on Manufacturer
Manufacturer Bharat Biotech selected
Clicked on Product Category
Medicines is selected
EA is entered
test dolo is basically a pain killer is entered
Clicked on Add New Product button]]>
  </system-out>
</testsuite> <!-- com.statwig.workspace.testrunner.AddNewProductTestRunner -->
