<?xml version="1.0" encoding="UTF-8"?>
<!-- Generated by org.testng.reporters.JUnitReportReporter -->
<testsuite skipped="0" hostname="DESKTOP-08PQLRT" name="com.statwig.workspace.testrunner.AddNewInventoryTestRunner" tests="1" failures="0" timestamp="2022-06-12T15:37:05 IST" time="36.911" errors="0">
  <testcase name="verifyAddNewInventory_Test_003" time="36.911" classname="com.statwig.workspace.testrunner.AddNewInventoryTestRunner"/>
  <system-out>
    <![CDATA[clicked on login button
sunilkumarnk.1996@gmail.com is Entered
Clicked on Continue Button
Otp is Entered
Clicked on Verify Button
Clicked on Inventory
Clicked on Add Inventory
Clicked on Select Product Category
Equipment is Selected
Clicked on Product Name
Oxygen concentrators is Selected
B1028 is Entered
50 is Entered
Clicked on Add Details
Clicked on Manufacturer Date
2022 and July is Selected
Clicked on Expire Date
2026andDecemberis Selected
S143 is Entered
Clicked on Review Product
Clicked on Save button
Clicked on OK button]]>
  </system-out>
</testsuite> <!-- com.statwig.workspace.testrunner.AddNewInventoryTestRunner -->
