<?xml version="1.0" encoding="UTF-8"?>
<!-- Generated by org.testng.reporters.JUnitReportReporter -->
<testsuite skipped="0" hostname="DESKTOP-08PQLRT" name="com.statwig.workspace.testrunner.NewRegistrationOrganizationTestRunner" tests="1" failures="0" timestamp="2022-06-12T15:37:05 IST" time="16.341" errors="0">
  <testcase name="verifyNewRegistrationOrganization_Test_002" time="16.341" classname="com.statwig.workspace.testrunner.NewRegistrationOrganizationTestRunner"/>
  <system-out>
    <![CDATA[Clicked on SignUp button
sunny is Entered
Test Pharma is Entered
sunil9731@gmail.com is Entered
9731117027 is entered
VENDOR is selected
Other is Selected
sun test pharma is Entered
Asia is Entered
India is Entered
Karnataka is Entered
Bengaluru is Entered
Banashankari second stage is Entered
560012 is Entered
clicked on Done button]]>
  </system-out>
</testsuite> <!-- com.statwig.workspace.testrunner.NewRegistrationOrganizationTestRunner -->
