<?xml version="1.0" encoding="UTF-8"?>
<!-- Generated by org.testng.reporters.JUnitReportReporter -->
<testsuite skipped="0" hostname="DESKTOP-08PQLRT" name="com.statwig.workspace.testrunner.HomePageTitleValidationTestRunner" tests="1" failures="0" timestamp="2022-06-12T15:48:28 IST" time="7.029" errors="0">
  <testcase name="verifyHomePage_Test_001" time="7.029" classname="com.statwig.workspace.testrunner.HomePageTitleValidationTestRunner"/>
  <system-out>
    <![CDATA[Read expected title from properties file as :Vaccineledger
Got actual title from web page as :Vaccineledger
Validation completed]]>
  </system-out>
</testsuite> <!-- com.statwig.workspace.testrunner.HomePageTitleValidationTestRunner -->
